<?xml version="1.0" encoding="UTF-8"?>
<!-- Generated by org.testng.reporters.JUnitXMLReporter -->
<testsuite ignored="1" hostname="LAPTOP-PGNSA0ES" failures="0" tests="1" name="Default test" time="2.216" errors="0" timestamp="2023-05-25T02:17:40 PDT">
  <testcase classname="tek.api.sqa.tests.SecurityTest" name="testGenerateTokenValidUser" time="1.756"/>
  <testcase classname="tek.api.sqa.tests.SecurityTest" name="tokenWithInvalidDataTest" time="0.0">
    <ignored/>
  </testcase> <!-- tokenWithInvalidDataTest -->
</testsuite> <!-- Default test -->
